05/18/22 09:26:49 ******************************************************
05/18/22 09:26:49 ** condor_scheduniv_exec.8527722.0 (CONDOR_DAGMAN) STARTING UP
05/18/22 09:26:49 ** /usr/bin/condor_dagman
05/18/22 09:26:49 ** SubsystemInfo: name=DAGMAN type=DAGMAN(10) class=DAEMON(1)
05/18/22 09:26:49 ** Configuration: subsystem:DAGMAN local:<NONE> class:DAEMON
05/18/22 09:26:49 ** $CondorVersion: 8.8.9 May 06 2020 BuildID: Debian-8.8.9-1 PackageID: 8.8.9-1 Debian-8.8.9-1 $
05/18/22 09:26:49 ** $CondorPlatform: X86_64-Debian_10 $
05/18/22 09:26:49 ** PID = 1330187
05/18/22 09:26:49 ** Log last touched time unavailable (No such file or directory)
05/18/22 09:26:49 ******************************************************
05/18/22 09:26:49 Using config source: /etc/condor/condor_config
05/18/22 09:26:49 Using local config sources: 
05/18/22 09:26:49    /etc/condor/config.d/01_generic
05/18/22 09:26:49    /etc/condor/config.d/10_SCHEDD
05/18/22 09:26:49    /etc/condor/config.d/20_SUBMISSION
05/18/22 09:26:49    /etc/condor/config.d/99_TRANSFORM
05/18/22 09:26:49    /etc/condor/condor_config.local
05/18/22 09:26:49 config Macros = 119, Sorted = 119, StringBytes = 4737, TablesBytes = 4356
05/18/22 09:26:49 CLASSAD_CACHING is ENABLED
05/18/22 09:26:49 Daemon Log is logging: D_ALWAYS D_ERROR
05/18/22 09:26:49 DaemonCore: No command port requested.
05/18/22 09:26:49 DAGMAN_USE_STRICT setting: 1
05/18/22 09:26:49 DAGMAN_VERBOSITY setting: 3
05/18/22 09:26:49 DAGMAN_DEBUG_CACHE_SIZE setting: 5242880
05/18/22 09:26:49 DAGMAN_DEBUG_CACHE_ENABLE setting: False
05/18/22 09:26:49 DAGMAN_SUBMIT_DELAY setting: 0
05/18/22 09:26:49 DAGMAN_MAX_SUBMIT_ATTEMPTS setting: 6
05/18/22 09:26:49 DAGMAN_STARTUP_CYCLE_DETECT setting: False
05/18/22 09:26:49 DAGMAN_MAX_SUBMITS_PER_INTERVAL setting: 100
05/18/22 09:26:49 DAGMAN_AGGRESSIVE_SUBMIT setting: False
05/18/22 09:26:49 DAGMAN_USER_LOG_SCAN_INTERVAL setting: 5
05/18/22 09:26:49 DAGMAN_QUEUE_UPDATE_INTERVAL setting: 300
05/18/22 09:26:49 DAGMAN_DEFAULT_PRIORITY setting: 0
05/18/22 09:26:49 DAGMAN_SUPPRESS_NOTIFICATION setting: True
05/18/22 09:26:49 allow_events (DAGMAN_ALLOW_EVENTS) setting: 114
05/18/22 09:26:49 DAGMAN_RETRY_SUBMIT_FIRST setting: True
05/18/22 09:26:49 DAGMAN_RETRY_NODE_FIRST setting: False
05/18/22 09:26:49 DAGMAN_MAX_JOBS_IDLE setting: 1000
05/18/22 09:26:49 DAGMAN_MAX_JOBS_SUBMITTED setting: 0
05/18/22 09:26:49 DAGMAN_MAX_PRE_SCRIPTS setting: 20
05/18/22 09:26:49 DAGMAN_MAX_POST_SCRIPTS setting: 20
05/18/22 09:26:49 DAGMAN_MUNGE_NODE_NAMES setting: True
05/18/22 09:26:49 DAGMAN_PROHIBIT_MULTI_JOBS setting: False
05/18/22 09:26:49 DAGMAN_SUBMIT_DEPTH_FIRST setting: False
05/18/22 09:26:49 DAGMAN_ALWAYS_RUN_POST setting: False
05/18/22 09:26:49 DAGMAN_CONDOR_SUBMIT_EXE setting: /usr/bin/condor_submit
05/18/22 09:26:49 DAGMAN_USE_CONDOR_SUBMIT setting: True
05/18/22 09:26:49 DAGMAN_ABORT_DUPLICATES setting: True
05/18/22 09:26:49 DAGMAN_ABORT_ON_SCARY_SUBMIT setting: True
05/18/22 09:26:49 DAGMAN_PENDING_REPORT_INTERVAL setting: 600
05/18/22 09:26:49 DAGMAN_AUTO_RESCUE setting: True
05/18/22 09:26:49 DAGMAN_MAX_RESCUE_NUM setting: 100
05/18/22 09:26:49 DAGMAN_WRITE_PARTIAL_RESCUE setting: True
05/18/22 09:26:49 DAGMAN_DEFAULT_NODE_LOG setting: @(DAG_DIR)/@(DAG_FILE).nodes.log
05/18/22 09:26:49 DAGMAN_GENERATE_SUBDAG_SUBMITS setting: True
05/18/22 09:26:49 DAGMAN_MAX_JOB_HOLDS setting: 100
05/18/22 09:26:49 DAGMAN_HOLD_CLAIM_TIME setting: 20
05/18/22 09:26:49 ALL_DEBUG setting: 
05/18/22 09:26:49 DAGMAN_DEBUG setting: 
05/18/22 09:26:49 DAGMAN_SUPPRESS_JOB_LOGS setting: False
05/18/22 09:26:49 DAGMAN_REMOVE_NODE_JOBS setting: True
05/18/22 09:26:49 argv[0] == "condor_scheduniv_exec.8527722.0"
05/18/22 09:26:49 argv[1] == "-Lockfile"
05/18/22 09:26:49 argv[2] == "gw.dax-0.dag.lock"
05/18/22 09:26:49 argv[3] == "-AutoRescue"
05/18/22 09:26:49 argv[4] == "1"
05/18/22 09:26:49 argv[5] == "-DoRescueFrom"
05/18/22 09:26:49 argv[6] == "0"
05/18/22 09:26:49 argv[7] == "-Dag"
05/18/22 09:26:49 argv[8] == "gw.dax-0.dag"
05/18/22 09:26:49 argv[9] == "-MaxPre"
05/18/22 09:26:49 argv[10] == "1"
05/18/22 09:26:49 argv[11] == "-MaxPost"
05/18/22 09:26:49 argv[12] == "20"
05/18/22 09:26:49 argv[13] == "-Suppress_notification"
05/18/22 09:26:49 argv[14] == "-CsdVersion"
05/18/22 09:26:49 argv[15] == "$CondorVersion: 8.8.9 May 06 2020 BuildID: Debian-8.8.9-1 PackageID: 8.8.9-1 Debian-8.8.9-1 $"
05/18/22 09:26:49 argv[16] == "-Dagman"
05/18/22 09:26:49 argv[17] == "/usr/bin/condor_dagman"
05/18/22 09:26:49 getStoredCredential(): read_secure_file(/var/lib/condor/passwd) failed!
05/18/22 09:26:49 getStoredCredential(): read_secure_file(/var/lib/condor/passwd) failed!
05/18/22 09:26:49 Workflow batch-name: <gw.dax-0.dag+8527722>
05/18/22 09:26:49 Workflow accounting_group: <>
05/18/22 09:26:49 Workflow accounting_group_user: <>
05/18/22 09:26:49 Warning: failed to get attribute DAGNodeName
05/18/22 09:26:49 DAGMAN_LOG_ON_NFS_IS_ERROR setting: False
05/18/22 09:26:49 Default node log file is: </local/user/shashwat.singh/pycbc-tmp.q78jRuGBgv/work/./gw.dax-0.dag.nodes.log>
05/18/22 09:26:49 DAG Lockfile will be written to gw.dax-0.dag.lock
05/18/22 09:26:49 DAG Input file is gw.dax-0.dag
05/18/22 09:26:49 Parsing 1 dagfiles
05/18/22 09:26:49 Parsing gw.dax-0.dag ...
05/18/22 09:26:49 Warning: category stagein has no assigned nodes, so the throttle setting (10) will have no effect
05/18/22 09:26:49 Warning: category inference has no throttle value set
05/18/22 09:26:49 Warning: category plot has no throttle value set
05/18/22 09:26:49 Warning: category registration has no assigned nodes, so the throttle setting (1) will have no effect
05/18/22 09:26:49 Dag contains 489 total jobs
05/18/22 09:26:49 Sleeping for 3 seconds to ensure ProcessId uniqueness
05/18/22 09:26:52 Bootstrapping...
05/18/22 09:26:52 Number of pre-completed nodes: 0
05/18/22 09:26:52 MultiLogFiles: truncating log file /local/user/shashwat.singh/pycbc-tmp.q78jRuGBgv/work/./gw.dax-0.dag.nodes.log
05/18/22 09:26:52 DAG status: 0 (DAG_STATUS_OK)
05/18/22 09:26:52 Of 489 nodes total:
05/18/22 09:26:52  Done     Pre   Queued    Post   Ready   Un-Ready   Failed
05/18/22 09:26:52   ===     ===      ===     ===     ===        ===      ===
05/18/22 09:26:52     0       0        0       0       1        488        0
05/18/22 09:26:52 0 job proc(s) currently held
05/18/22 09:26:52 DAGMan Runtime Statistics: [ EventCycleTimeSum = 0.0; EventCycleTimeCount = 0.0; LogProcessCycleTimeSum = 0.0; SleepCycleTimeSum = 0.0; LogProcessCycleTimeCount = 0.0; SleepCycleTimeCount = 0.0; SubmitCycleTimeCount = 0.0; SubmitCycleTimeSum = 0.0; ]
05/18/22 09:26:52 Registering condor_event_timer...
05/18/22 09:26:53 Submitting HTCondor Node create_dir_gw.dax_0_local job(s)...
05/18/22 09:26:53 Adding a DAGMan workflow log /local/user/shashwat.singh/pycbc-tmp.q78jRuGBgv/work/./gw.dax-0.dag.nodes.log
05/18/22 09:26:53 Masking the events recorded in the DAGMAN workflow log
05/18/22 09:26:53 Mask for workflow log is 0,1,2,4,5,7,9,10,11,12,13,16,17,24,27,35,36
05/18/22 09:26:53 submitting: /usr/bin/condor_submit -a dag_node_name' '=' 'create_dir_gw.dax_0_local -a +DAGManJobId' '=' '8527722 -a DAGManJobId' '=' '8527722 -batch-name gw.dax-0.dag+8527722 -a submit_event_notes' '=' 'DAG' 'Node:' 'create_dir_gw.dax_0_local -a dagman_log' '=' '/local/user/shashwat.singh/pycbc-tmp.q78jRuGBgv/work/./gw.dax-0.dag.nodes.log -a +DAGManNodesMask' '=' '"0,1,2,4,5,7,9,10,11,12,13,16,17,24,27,35,36" -a priority=800 -a +DAGNodeRetry' '=' '0 -a DAG_STATUS' '=' '0 -a FAILED_COUNT' '=' '0 -a +KeepClaimIdle' '=' '20 -a notification' '=' 'never -a +DAGParentNodeNames' '=' '"" ./create_dir_gw.dax_0_local.sub
05/18/22 09:26:53 From submit: Submitting job(s).
05/18/22 09:26:53 From submit: ERROR: Failed to commit job submission into the queue.
05/18/22 09:26:53 From submit: ERROR: Invalid value for search tag: <undefined>
05/18/22 09:26:53 From submit:   Please see https://www.atlas.aei.uni-hannover.de/userdoc/condor/condor_tags
05/18/22 09:26:53 failed while reading from pipe.
05/18/22 09:26:53 Read so far: Submitting job(s).ERROR: Failed to commit job submission into the queue.ERROR: Invalid value for search tag: <undefined>  Please see https://www.atlas.aei.uni-hannover.de/userdoc/condor/condor_tags
05/18/22 09:26:53 ERROR: submit attempt failed
05/18/22 09:26:53 submit command was: /usr/bin/condor_submit -a dag_node_name' '=' 'create_dir_gw.dax_0_local -a +DAGManJobId' '=' '8527722 -a DAGManJobId' '=' '8527722 -batch-name gw.dax-0.dag+8527722 -a submit_event_notes' '=' 'DAG' 'Node:' 'create_dir_gw.dax_0_local -a dagman_log' '=' '/local/user/shashwat.singh/pycbc-tmp.q78jRuGBgv/work/./gw.dax-0.dag.nodes.log -a +DAGManNodesMask' '=' '"0,1,2,4,5,7,9,10,11,12,13,16,17,24,27,35,36" -a priority=800 -a +DAGNodeRetry' '=' '0 -a DAG_STATUS' '=' '0 -a FAILED_COUNT' '=' '0 -a +KeepClaimIdle' '=' '20 -a notification' '=' 'never -a +DAGParentNodeNames' '=' '"" ./create_dir_gw.dax_0_local.sub
05/18/22 09:26:53 Job submit try 1/6 failed, will try again in >= 1 second.
05/18/22 09:26:53 DAG status: 0 (DAG_STATUS_OK)
05/18/22 09:26:53 Of 489 nodes total:
05/18/22 09:26:53  Done     Pre   Queued    Post   Ready   Un-Ready   Failed
05/18/22 09:26:53   ===     ===      ===     ===     ===        ===      ===
05/18/22 09:26:53     0       0        0       0       1        488        0
05/18/22 09:26:53 0 job proc(s) currently held
05/18/22 09:26:53 DAGMan Runtime Statistics: [ EventCycleTimeSum = 0.0; SleepCycleTimeCount = 0.0; EventCycleTimeCount = 0.0; SubmitCycleTimeStd = 0.06970906257629395; SubmitCycleTimeMax = 0.06970906257629395; LogProcessCycleTimeSum = 0.0; LogProcessCycleTimeCount = 0.0; SubmitCycleTimeMin = 0.06970906257629395; SubmitCycleTimeCount = 1.0; SubmitCycleTimeSum = 0.06970906257629395; SleepCycleTimeSum = 0.0; SubmitCycleTimeAvg = 0.06970906257629395; ]
05/18/22 09:26:58 Submitting HTCondor Node create_dir_gw.dax_0_local job(s)...
05/18/22 09:26:58 Adding a DAGMan workflow log /local/user/shashwat.singh/pycbc-tmp.q78jRuGBgv/work/./gw.dax-0.dag.nodes.log
05/18/22 09:26:58 Masking the events recorded in the DAGMAN workflow log
05/18/22 09:26:58 Mask for workflow log is 0,1,2,4,5,7,9,10,11,12,13,16,17,24,27,35,36
05/18/22 09:26:58 submitting: /usr/bin/condor_submit -a dag_node_name' '=' 'create_dir_gw.dax_0_local -a +DAGManJobId' '=' '8527722 -a DAGManJobId' '=' '8527722 -batch-name gw.dax-0.dag+8527722 -a submit_event_notes' '=' 'DAG' 'Node:' 'create_dir_gw.dax_0_local -a dagman_log' '=' '/local/user/shashwat.singh/pycbc-tmp.q78jRuGBgv/work/./gw.dax-0.dag.nodes.log -a +DAGManNodesMask' '=' '"0,1,2,4,5,7,9,10,11,12,13,16,17,24,27,35,36" -a priority=800 -a +DAGNodeRetry' '=' '0 -a DAG_STATUS' '=' '0 -a FAILED_COUNT' '=' '0 -a +KeepClaimIdle' '=' '20 -a notification' '=' 'never -a +DAGParentNodeNames' '=' '"" ./create_dir_gw.dax_0_local.sub
05/18/22 09:26:58 From submit: Submitting job(s).
05/18/22 09:26:58 From submit: ERROR: Failed to commit job submission into the queue.
05/18/22 09:26:58 From submit: ERROR: Invalid value for search tag: <undefined>
05/18/22 09:26:58 From submit:   Please see https://www.atlas.aei.uni-hannover.de/userdoc/condor/condor_tags
05/18/22 09:26:58 failed while reading from pipe.
05/18/22 09:26:58 Read so far: Submitting job(s).ERROR: Failed to commit job submission into the queue.ERROR: Invalid value for search tag: <undefined>  Please see https://www.atlas.aei.uni-hannover.de/userdoc/condor/condor_tags
05/18/22 09:26:58 ERROR: submit attempt failed
05/18/22 09:26:58 submit command was: /usr/bin/condor_submit -a dag_node_name' '=' 'create_dir_gw.dax_0_local -a +DAGManJobId' '=' '8527722 -a DAGManJobId' '=' '8527722 -batch-name gw.dax-0.dag+8527722 -a submit_event_notes' '=' 'DAG' 'Node:' 'create_dir_gw.dax_0_local -a dagman_log' '=' '/local/user/shashwat.singh/pycbc-tmp.q78jRuGBgv/work/./gw.dax-0.dag.nodes.log -a +DAGManNodesMask' '=' '"0,1,2,4,5,7,9,10,11,12,13,16,17,24,27,35,36" -a priority=800 -a +DAGNodeRetry' '=' '0 -a DAG_STATUS' '=' '0 -a FAILED_COUNT' '=' '0 -a +KeepClaimIdle' '=' '20 -a notification' '=' 'never -a +DAGParentNodeNames' '=' '"" ./create_dir_gw.dax_0_local.sub
05/18/22 09:26:58 Job submit try 2/6 failed, will try again in >= 2 seconds.
05/18/22 09:27:03 Submitting HTCondor Node create_dir_gw.dax_0_local job(s)...
05/18/22 09:27:03 Adding a DAGMan workflow log /local/user/shashwat.singh/pycbc-tmp.q78jRuGBgv/work/./gw.dax-0.dag.nodes.log
05/18/22 09:27:03 Masking the events recorded in the DAGMAN workflow log
05/18/22 09:27:03 Mask for workflow log is 0,1,2,4,5,7,9,10,11,12,13,16,17,24,27,35,36
05/18/22 09:27:03 submitting: /usr/bin/condor_submit -a dag_node_name' '=' 'create_dir_gw.dax_0_local -a +DAGManJobId' '=' '8527722 -a DAGManJobId' '=' '8527722 -batch-name gw.dax-0.dag+8527722 -a submit_event_notes' '=' 'DAG' 'Node:' 'create_dir_gw.dax_0_local -a dagman_log' '=' '/local/user/shashwat.singh/pycbc-tmp.q78jRuGBgv/work/./gw.dax-0.dag.nodes.log -a +DAGManNodesMask' '=' '"0,1,2,4,5,7,9,10,11,12,13,16,17,24,27,35,36" -a priority=800 -a +DAGNodeRetry' '=' '0 -a DAG_STATUS' '=' '0 -a FAILED_COUNT' '=' '0 -a +KeepClaimIdle' '=' '20 -a notification' '=' 'never -a +DAGParentNodeNames' '=' '"" ./create_dir_gw.dax_0_local.sub
05/18/22 09:27:03 From submit: Submitting job(s).
05/18/22 09:27:03 From submit: ERROR: Failed to commit job submission into the queue.
05/18/22 09:27:03 From submit: ERROR: Invalid value for search tag: <undefined>
05/18/22 09:27:03 From submit:   Please see https://www.atlas.aei.uni-hannover.de/userdoc/condor/condor_tags
05/18/22 09:27:03 failed while reading from pipe.
05/18/22 09:27:03 Read so far: Submitting job(s).ERROR: Failed to commit job submission into the queue.ERROR: Invalid value for search tag: <undefined>  Please see https://www.atlas.aei.uni-hannover.de/userdoc/condor/condor_tags
05/18/22 09:27:03 ERROR: submit attempt failed
05/18/22 09:27:03 submit command was: /usr/bin/condor_submit -a dag_node_name' '=' 'create_dir_gw.dax_0_local -a +DAGManJobId' '=' '8527722 -a DAGManJobId' '=' '8527722 -batch-name gw.dax-0.dag+8527722 -a submit_event_notes' '=' 'DAG' 'Node:' 'create_dir_gw.dax_0_local -a dagman_log' '=' '/local/user/shashwat.singh/pycbc-tmp.q78jRuGBgv/work/./gw.dax-0.dag.nodes.log -a +DAGManNodesMask' '=' '"0,1,2,4,5,7,9,10,11,12,13,16,17,24,27,35,36" -a priority=800 -a +DAGNodeRetry' '=' '0 -a DAG_STATUS' '=' '0 -a FAILED_COUNT' '=' '0 -a +KeepClaimIdle' '=' '20 -a notification' '=' 'never -a +DAGParentNodeNames' '=' '"" ./create_dir_gw.dax_0_local.sub
05/18/22 09:27:03 Job submit try 3/6 failed, will try again in >= 4 seconds.
05/18/22 09:27:08 Submitting HTCondor Node create_dir_gw.dax_0_local job(s)...
05/18/22 09:27:08 Adding a DAGMan workflow log /local/user/shashwat.singh/pycbc-tmp.q78jRuGBgv/work/./gw.dax-0.dag.nodes.log
05/18/22 09:27:08 Masking the events recorded in the DAGMAN workflow log
05/18/22 09:27:08 Mask for workflow log is 0,1,2,4,5,7,9,10,11,12,13,16,17,24,27,35,36
05/18/22 09:27:08 submitting: /usr/bin/condor_submit -a dag_node_name' '=' 'create_dir_gw.dax_0_local -a +DAGManJobId' '=' '8527722 -a DAGManJobId' '=' '8527722 -batch-name gw.dax-0.dag+8527722 -a submit_event_notes' '=' 'DAG' 'Node:' 'create_dir_gw.dax_0_local -a dagman_log' '=' '/local/user/shashwat.singh/pycbc-tmp.q78jRuGBgv/work/./gw.dax-0.dag.nodes.log -a +DAGManNodesMask' '=' '"0,1,2,4,5,7,9,10,11,12,13,16,17,24,27,35,36" -a priority=800 -a +DAGNodeRetry' '=' '0 -a DAG_STATUS' '=' '0 -a FAILED_COUNT' '=' '0 -a +KeepClaimIdle' '=' '20 -a notification' '=' 'never -a +DAGParentNodeNames' '=' '"" ./create_dir_gw.dax_0_local.sub
05/18/22 09:27:08 From submit: Submitting job(s).
05/18/22 09:27:08 From submit: ERROR: Failed to commit job submission into the queue.
05/18/22 09:27:08 From submit: ERROR: Invalid value for search tag: <undefined>
05/18/22 09:27:08 From submit:   Please see https://www.atlas.aei.uni-hannover.de/userdoc/condor/condor_tags
05/18/22 09:27:08 failed while reading from pipe.
05/18/22 09:27:08 Read so far: Submitting job(s).ERROR: Failed to commit job submission into the queue.ERROR: Invalid value for search tag: <undefined>  Please see https://www.atlas.aei.uni-hannover.de/userdoc/condor/condor_tags
05/18/22 09:27:08 ERROR: submit attempt failed
05/18/22 09:27:08 submit command was: /usr/bin/condor_submit -a dag_node_name' '=' 'create_dir_gw.dax_0_local -a +DAGManJobId' '=' '8527722 -a DAGManJobId' '=' '8527722 -batch-name gw.dax-0.dag+8527722 -a submit_event_notes' '=' 'DAG' 'Node:' 'create_dir_gw.dax_0_local -a dagman_log' '=' '/local/user/shashwat.singh/pycbc-tmp.q78jRuGBgv/work/./gw.dax-0.dag.nodes.log -a +DAGManNodesMask' '=' '"0,1,2,4,5,7,9,10,11,12,13,16,17,24,27,35,36" -a priority=800 -a +DAGNodeRetry' '=' '0 -a DAG_STATUS' '=' '0 -a FAILED_COUNT' '=' '0 -a +KeepClaimIdle' '=' '20 -a notification' '=' 'never -a +DAGParentNodeNames' '=' '"" ./create_dir_gw.dax_0_local.sub
05/18/22 09:27:08 Job submit try 4/6 failed, will try again in >= 8 seconds.
05/18/22 09:27:19 Submitting HTCondor Node create_dir_gw.dax_0_local job(s)...
05/18/22 09:27:19 Adding a DAGMan workflow log /local/user/shashwat.singh/pycbc-tmp.q78jRuGBgv/work/./gw.dax-0.dag.nodes.log
05/18/22 09:27:19 Masking the events recorded in the DAGMAN workflow log
05/18/22 09:27:19 Mask for workflow log is 0,1,2,4,5,7,9,10,11,12,13,16,17,24,27,35,36
05/18/22 09:27:19 submitting: /usr/bin/condor_submit -a dag_node_name' '=' 'create_dir_gw.dax_0_local -a +DAGManJobId' '=' '8527722 -a DAGManJobId' '=' '8527722 -batch-name gw.dax-0.dag+8527722 -a submit_event_notes' '=' 'DAG' 'Node:' 'create_dir_gw.dax_0_local -a dagman_log' '=' '/local/user/shashwat.singh/pycbc-tmp.q78jRuGBgv/work/./gw.dax-0.dag.nodes.log -a +DAGManNodesMask' '=' '"0,1,2,4,5,7,9,10,11,12,13,16,17,24,27,35,36" -a priority=800 -a +DAGNodeRetry' '=' '0 -a DAG_STATUS' '=' '0 -a FAILED_COUNT' '=' '0 -a +KeepClaimIdle' '=' '20 -a notification' '=' 'never -a +DAGParentNodeNames' '=' '"" ./create_dir_gw.dax_0_local.sub
05/18/22 09:27:20 From submit: Submitting job(s).
05/18/22 09:27:20 From submit: ERROR: Failed to commit job submission into the queue.
05/18/22 09:27:20 From submit: ERROR: Invalid value for search tag: <undefined>
05/18/22 09:27:20 From submit:   Please see https://www.atlas.aei.uni-hannover.de/userdoc/condor/condor_tags
05/18/22 09:27:20 failed while reading from pipe.
05/18/22 09:27:20 Read so far: Submitting job(s).ERROR: Failed to commit job submission into the queue.ERROR: Invalid value for search tag: <undefined>  Please see https://www.atlas.aei.uni-hannover.de/userdoc/condor/condor_tags
05/18/22 09:27:20 ERROR: submit attempt failed
05/18/22 09:27:20 submit command was: /usr/bin/condor_submit -a dag_node_name' '=' 'create_dir_gw.dax_0_local -a +DAGManJobId' '=' '8527722 -a DAGManJobId' '=' '8527722 -batch-name gw.dax-0.dag+8527722 -a submit_event_notes' '=' 'DAG' 'Node:' 'create_dir_gw.dax_0_local -a dagman_log' '=' '/local/user/shashwat.singh/pycbc-tmp.q78jRuGBgv/work/./gw.dax-0.dag.nodes.log -a +DAGManNodesMask' '=' '"0,1,2,4,5,7,9,10,11,12,13,16,17,24,27,35,36" -a priority=800 -a +DAGNodeRetry' '=' '0 -a DAG_STATUS' '=' '0 -a FAILED_COUNT' '=' '0 -a +KeepClaimIdle' '=' '20 -a notification' '=' 'never -a +DAGParentNodeNames' '=' '"" ./create_dir_gw.dax_0_local.sub
05/18/22 09:27:20 Job submit try 5/6 failed, will try again in >= 16 seconds.
05/18/22 09:27:37 Submitting HTCondor Node create_dir_gw.dax_0_local job(s)...
05/18/22 09:27:37 Adding a DAGMan workflow log /local/user/shashwat.singh/pycbc-tmp.q78jRuGBgv/work/./gw.dax-0.dag.nodes.log
05/18/22 09:27:37 Masking the events recorded in the DAGMAN workflow log
05/18/22 09:27:37 Mask for workflow log is 0,1,2,4,5,7,9,10,11,12,13,16,17,24,27,35,36
05/18/22 09:27:37 submitting: /usr/bin/condor_submit -a dag_node_name' '=' 'create_dir_gw.dax_0_local -a +DAGManJobId' '=' '8527722 -a DAGManJobId' '=' '8527722 -batch-name gw.dax-0.dag+8527722 -a submit_event_notes' '=' 'DAG' 'Node:' 'create_dir_gw.dax_0_local -a dagman_log' '=' '/local/user/shashwat.singh/pycbc-tmp.q78jRuGBgv/work/./gw.dax-0.dag.nodes.log -a +DAGManNodesMask' '=' '"0,1,2,4,5,7,9,10,11,12,13,16,17,24,27,35,36" -a priority=800 -a +DAGNodeRetry' '=' '0 -a DAG_STATUS' '=' '0 -a FAILED_COUNT' '=' '0 -a +KeepClaimIdle' '=' '20 -a notification' '=' 'never -a +DAGParentNodeNames' '=' '"" ./create_dir_gw.dax_0_local.sub
05/18/22 09:27:37 From submit: Submitting job(s).
05/18/22 09:27:37 From submit: ERROR: Failed to commit job submission into the queue.
05/18/22 09:27:37 From submit: ERROR: Invalid value for search tag: <undefined>
05/18/22 09:27:37 From submit:   Please see https://www.atlas.aei.uni-hannover.de/userdoc/condor/condor_tags
05/18/22 09:27:37 failed while reading from pipe.
05/18/22 09:27:37 Read so far: Submitting job(s).ERROR: Failed to commit job submission into the queue.ERROR: Invalid value for search tag: <undefined>  Please see https://www.atlas.aei.uni-hannover.de/userdoc/condor/condor_tags
05/18/22 09:27:37 ERROR: submit attempt failed
05/18/22 09:27:37 submit command was: /usr/bin/condor_submit -a dag_node_name' '=' 'create_dir_gw.dax_0_local -a +DAGManJobId' '=' '8527722 -a DAGManJobId' '=' '8527722 -batch-name gw.dax-0.dag+8527722 -a submit_event_notes' '=' 'DAG' 'Node:' 'create_dir_gw.dax_0_local -a dagman_log' '=' '/local/user/shashwat.singh/pycbc-tmp.q78jRuGBgv/work/./gw.dax-0.dag.nodes.log -a +DAGManNodesMask' '=' '"0,1,2,4,5,7,9,10,11,12,13,16,17,24,27,35,36" -a priority=800 -a +DAGNodeRetry' '=' '0 -a DAG_STATUS' '=' '0 -a FAILED_COUNT' '=' '0 -a +KeepClaimIdle' '=' '20 -a notification' '=' 'never -a +DAGParentNodeNames' '=' '"" ./create_dir_gw.dax_0_local.sub
05/18/22 09:27:37 Job submit failed after 6 tries.
05/18/22 09:27:37 Shortcutting node create_dir_gw.dax_0_local retries because of submit failure(s)
05/18/22 09:27:37 Running POST script of Node create_dir_gw.dax_0_local...
05/18/22 09:27:37 Warning: mysin has length 0 (ignore if produced by DAGMan; see gittrac #4987, #5031)
05/18/22 09:27:37 DAG status: 0 (DAG_STATUS_OK)
05/18/22 09:27:37 Of 489 nodes total:
05/18/22 09:27:37  Done     Pre   Queued    Post   Ready   Un-Ready   Failed
05/18/22 09:27:37   ===     ===      ===     ===     ===        ===      ===
05/18/22 09:27:37     0       0        0       1       0        488        0
05/18/22 09:27:37 0 job proc(s) currently held
05/18/22 09:27:37 DAGMan Runtime Statistics: [ EventCycleTimeStd = 0.4620809416063036; EventCycleTimeMax = 1.001059055328369; EventCycleTimeMin = 0.06587100028991699; EventCycleTimeAvg = 0.4568099975585938; SubmitCycleTimeAvg = 0.4163852267795139; SleepCycleTimeSum = 40.03184103965759; SubmitCycleTimeSum = 3.747467041015625; SubmitCycleTimeCount = 9.0; SubmitCycleTimeMin = 0.06582903861999512; LogProcessCycleTimeCount = 0.0; LogProcessCycleTimeSum = 0.0; SubmitCycleTimeMax = 1.001016855239868; SleepCycleTimeAvg = 5.003980129957199; SleepCycleTimeMin = 5.00216007232666; EventCycleTimeCount = 8.0; SubmitCycleTimeStd = 0.4488956849253925; SleepCycleTimeCount = 8.0; SleepCycleTimeMax = 5.005088090896606; SleepCycleTimeStd = 0.001218993333163291; EventCycleTimeSum = 3.65447998046875; ]
05/18/22 09:27:37 Initializing user log writer for /local/user/shashwat.singh/pycbc-tmp.q78jRuGBgv/work/./gw.dax-0.dag.nodes.log, (-1.0.0)
05/18/22 09:27:42 Currently monitoring 1 HTCondor log file(s)
05/18/22 09:27:42 Event: ULOG_POST_SCRIPT_TERMINATED for HTCondor Node create_dir_gw.dax_0_local (-1.0.0) {05/18/22 09:27:37}
05/18/22 09:27:42 POST Script of node create_dir_gw.dax_0_local failed with status 1
05/18/22 09:27:42 POST for Node create_dir_gw.dax_0_local returned 1
05/18/22 09:27:42 DAG status: 2 (DAG_STATUS_NODE_FAILED)
05/18/22 09:27:42 Of 489 nodes total:
05/18/22 09:27:42  Done     Pre   Queued    Post   Ready   Un-Ready   Failed
05/18/22 09:27:42   ===     ===      ===     ===     ===        ===      ===
05/18/22 09:27:42     0       0        0       0       0        488        1
05/18/22 09:27:42 0 job proc(s) currently held
05/18/22 09:27:42 DAGMan Runtime Statistics: [ EventCycleTimeStd = 0.4488589792788848; EventCycleTimeMax = 1.001059055328369; EventCycleTimeMin = 0.06587100028991699; EventCycleTimeAvg = 0.416470554139879; EventCycleTimeSum = 3.748234987258911; EventCycleTimeCount = 9.0; SleepCycleTimeStd = 0.09800558043380901; LogProcessCycleTimeMin = 0.0002868175506591797; LogProcessCycleTimeMax = 0.0002868175506591797; SubmitCycleTimeCount = 10.0; LogProcessCycleTimeAvg = 0.0002868175506591797; LogProcessCycleTimeCount = 1.0; LogProcessCycleTimeStd = 0.0002868175506591797; LogProcessCycleTimeSum = 0.0002868175506591797; SubmitCycleTimeSum = 3.747475147247314; SubmitCycleTimeAvg = 0.3747475147247314; SleepCycleTimeSum = 45.3298180103302; SubmitCycleTimeMin = 8.106231689453125E-06; SubmitCycleTimeMax = 1.001016855239868; SleepCycleTimeAvg = 5.036646445592244; SleepCycleTimeMax = 5.297976970672607; SleepCycleTimeCount = 9.0; SubmitCycleTimeStd = 0.4432320189272865; SleepCycleTimeMin = 5.00216007232666; ]
05/18/22 09:27:42 ERROR: the following job(s) failed:
05/18/22 09:27:42 ---------------------- Job ----------------------
05/18/22 09:27:42       Node Name: create_dir_gw.dax_0_local
05/18/22 09:27:42            Noop: false
05/18/22 09:27:42          NodeID: 0
05/18/22 09:27:42     Node Status: STATUS_ERROR    
05/18/22 09:27:42 Node return val: 1
05/18/22 09:27:42           Error: Job died on signal 1 and POST Script failed with status 1
05/18/22 09:27:42 Job Submit File: ./create_dir_gw.dax_0_local.sub
05/18/22 09:27:42     POST Script: /software/tools/pegasus/5.0/bin/pegasus-exitcode  -r $RETURN -l gw.dax-0.exitcode.log -M gw.cache.meta  .//./create_dir_gw.dax_0_local.out
05/18/22 09:27:42  HTCondor Job ID: [not yet submitted]
05/18/22 09:27:42       Q_PARENTS: <END>
05/18/22 09:27:42       Q_WAITING: <END>
05/18/22 09:27:42      Q_CHILDREN: inference_ID0_ID0000029, inference_ID0_ID0000147, inference_ID0_ID0000389, inference_ID0_ID0000025, inference_ID0_ID0000267, inference_ID0_ID0000149, inference_ID0_ID0000027, inference_ID0_ID0000269, inference_ID0_ID0000143, inference_ID0_ID0000385, inference_ID0_ID0000021, inference_ID0_ID0000263, inference_ID0_ID0000145, inference_ID0_ID0000387, inference_ID0_ID0000023, inference_ID0_ID0000265, inference_ID0_ID0000381, inference_ID0_ID0000141, inference_ID0_ID0000383, inference_ID0_ID0000261, inference_ID0_ID0000037, inference_ID0_ID0000279, inference_ID0_ID0000157, inference_ID0_ID0000399, inference_ID0_ID0000039, inference_ID0_ID0000159, inference_ID0_ID0000033, inference_ID0_ID0000275, inference_ID0_ID0000153, inference_ID0_ID0000395, inference_ID0_ID0000035, inference_ID0_ID0000277, inference_ID0_ID0000155, inference_ID0_ID0000397, inference_ID0_ID0000271, inference_ID0_ID0000391, inference_ID0_ID0000031, inference_ID0_ID0000273, inference_ID0_ID0000151, inference_ID0_ID0000393, inference_ID0_ID0000291, inference_ID0_ID0000169, inference_ID0_ID0000047, inference_ID0_ID0000289, inference_ID0_ID0000049, inference_ID0_ID0000165, inference_ID0_ID0000043, inference_ID0_ID0000285, inference_ID0_ID0000167, inference_ID0_ID0000045, inference_ID0_ID0000287, inference_ID0_ID0000161, inference_ID0_ID0000281, inference_ID0_ID0000163, inference_ID0_ID0000041, inference_ID0_ID0000283, inference_ID0_ID0000181, inference_ID0_ID0000059, inference_ID0_ID0000179, inference_ID0_ID0000055, inference_ID0_ID0000297, inference_ID0_ID0000175, inference_ID0_ID0000057, inference_ID0_ID0000299, inference_ID0_ID0000177, inference_ID0_ID0000051, inference_ID0_ID0000293, inference_ID0_ID0000171, inference_ID0_ID0000053, inference_ID0_ID0000295, inference_ID0_ID0000173, inference_ID0_ID0000071, inference_ID0_ID0000191, inference_ID0_ID0000069, inference_ID0_ID0000187, inference_ID0_ID0000065, inference_ID0_ID0000189, inference_ID0_ID0000067, inference_ID0_ID0000183, inference_ID0_ID0000061, inference_ID0_ID0000185, inference_ID0_ID0000063, inference_ID0_ID0000081, inference_ID0_ID0000077, inference_ID0_ID0000197, inference_ID0_ID0000079, inference_ID0_ID0000199, inference_ID0_ID0000073, inference_ID0_ID0000193, inference_ID0_ID0000075, inference_ID0_ID0000195, inference_ID0_ID0000091, inference_ID0_ID0000093, inference_ID0_ID0000403, inference_ID0_ID0000401, inference_ID0_ID0000087, inference_ID0_ID0000089, inference_ID0_ID0000083, inference_ID0_ID0000085, inference_ID0_ID0000099, inference_ID0_ID0000095, inference_ID0_ID0000097, inference_ID0_ID0000309, inference_ID0_ID0000305, inference_ID0_ID0000307, inference_ID0_ID0000301, inference_ID0_ID0000303, inference_ID0_ID0000319, inference_ID0_ID0000315, inference_ID0_ID0000317, inference_ID0_ID0000311, inference_ID0_ID0000313, inference_ID0_ID0000209, inference_ID0_ID0000327, inference_ID0_ID0000205, inference_ID0_ID0000329, inference_ID0_ID0000207, inference_ID0_ID0000323, inference_ID0_ID0000201, inference_ID0_ID0000325, inference_ID0_ID0000203, inference_ID0_ID0000321, inference_ID0_ID0000217, inference_ID0_ID0000337, inference_ID0_ID0000219, inference_ID0_ID0000339, inference_ID0_ID0000213, inference_ID0_ID0000333, inference_ID0_ID0000215, inference_ID0_ID0000335, inference_ID0_ID0000211, inference_ID0_ID0000331, inference_ID0_ID0000107, inference_ID0_ID0000349, inference_ID0_ID0000227, inference_ID0_ID0000109, inference_ID0_ID0000229, inference_ID0_ID0000103, inference_ID0_ID0000345, inference_ID0_ID0000223, inference_ID0_ID0000105, inference_ID0_ID0000347, inference_ID0_ID0000225, inference_ID0_ID0000341, inference_ID0_ID0000101, inference_ID0_ID0000343, inference_ID0_ID0000221, inference_ID0_ID0000239, inference_ID0_ID0000117, inference_ID0_ID0000359, inference_ID0_ID0000119, inference_ID0_ID0000235, inference_ID0_ID0000113, inference_ID0_ID0000355, inference_ID0_ID0000237, inference_ID0_ID0000115, inference_ID0_ID0000357, inference_ID0_ID0000231, inference_ID0_ID0000351, inference_ID0_ID0000233, inference_ID0_ID0000111, inference_ID0_ID0000353, inference_ID0_ID0000129, inference_ID0_ID0000007, inference_ID0_ID0000249, inference_ID0_ID0000009, inference_ID0_ID0000125, inference_ID0_ID0000367, inference_ID0_ID0000003, inference_ID0_ID0000245, inference_ID0_ID0000127, inference_ID0_ID0000369, inference_ID0_ID0000005, inference_ID0_ID0000247, inference_ID0_ID0000121, inference_ID0_ID0000363, inference_ID0_ID0000241, inference_ID0_ID0000123, inference_ID0_ID0000365, inference_ID0_ID0000001, inference_ID0_ID0000243, inference_ID0_ID0000361, inference_ID0_ID0000019, inference_ID0_ID0000139, inference_ID0_ID0000015, inference_ID0_ID0000257, inference_ID0_ID0000135, inference_ID0_ID0000377, inference_ID0_ID0000017, inference_ID0_ID0000259, inference_ID0_ID0000137, inference_ID0_ID0000379, inference_ID0_ID0000011, inference_ID0_ID0000253, inference_ID0_ID0000131, inference_ID0_ID0000373, inference_ID0_ID0000013, inference_ID0_ID0000255, inference_ID0_ID0000133, inference_ID0_ID0000375, inference_ID0_ID0000251, inference_ID0_ID0000371, <END>
05/18/22 09:27:42 ---------------------------------------	<END>
05/18/22 09:27:42 Aborting DAG...
05/18/22 09:27:42 Writing Rescue DAG to gw.dax-0.dag.rescue001...
05/18/22 09:27:42 Removing submitted jobs...
05/18/22 09:27:42 Removing any/all submitted HTCondor jobs...
05/18/22 09:27:42 Running: /usr/bin/condor_rm -const DAGManJobId' '=?=' '8527722
05/18/22 09:27:42 Note: 0 total job deferrals because of -MaxJobs limit (0)
05/18/22 09:27:42 Note: 0 total job deferrals because of -MaxIdle limit (1000)
05/18/22 09:27:42 Note: 0 total job deferrals because of node category throttles
05/18/22 09:27:42 Note: 0 total PRE script deferrals because of -MaxPre limit (1) or DEFER
05/18/22 09:27:42 Note: 0 total POST script deferrals because of -MaxPost limit (20) or DEFER
05/18/22 09:27:42 DAG status: 2 (DAG_STATUS_NODE_FAILED)
05/18/22 09:27:42 Of 489 nodes total:
05/18/22 09:27:42  Done     Pre   Queued    Post   Ready   Un-Ready   Failed
05/18/22 09:27:42   ===     ===      ===     ===     ===        ===      ===
05/18/22 09:27:42     0       0        0       0       0        488        1
05/18/22 09:27:42 0 job proc(s) currently held
05/18/22 09:27:42 DAGMan Runtime Statistics: [ EventCycleTimeStd = 0.4488589792788848; EventCycleTimeMax = 1.001059055328369; EventCycleTimeMin = 0.06587100028991699; EventCycleTimeAvg = 0.416470554139879; EventCycleTimeSum = 3.748234987258911; EventCycleTimeCount = 9.0; SleepCycleTimeStd = 0.09800558043380901; LogProcessCycleTimeMin = 0.0002868175506591797; LogProcessCycleTimeMax = 0.0002868175506591797; SubmitCycleTimeCount = 10.0; LogProcessCycleTimeAvg = 0.0002868175506591797; LogProcessCycleTimeCount = 1.0; LogProcessCycleTimeStd = 0.0002868175506591797; LogProcessCycleTimeSum = 0.0002868175506591797; SubmitCycleTimeSum = 3.747475147247314; SubmitCycleTimeAvg = 0.3747475147247314; SleepCycleTimeSum = 45.3298180103302; SubmitCycleTimeMin = 8.106231689453125E-06; SubmitCycleTimeMax = 1.001016855239868; SleepCycleTimeAvg = 5.036646445592244; SleepCycleTimeMax = 5.297976970672607; SleepCycleTimeCount = 9.0; SubmitCycleTimeStd = 0.4432320189272865; SleepCycleTimeMin = 5.00216007232666; ]
05/18/22 09:27:42 Wrote metrics file gw.dax-0.dag.metrics.
05/18/22 09:27:42 Metrics not sent because of PEGASUS_METRICS or CONDOR_DEVELOPERS setting.
05/18/22 09:27:42 DAGMan Runtime Statistics: [ EventCycleTimeStd = 0.4488589792788848; EventCycleTimeMax = 1.001059055328369; EventCycleTimeMin = 0.06587100028991699; EventCycleTimeAvg = 0.416470554139879; EventCycleTimeSum = 3.748234987258911; EventCycleTimeCount = 9.0; SleepCycleTimeStd = 0.09800558043380901; LogProcessCycleTimeMin = 0.0002868175506591797; LogProcessCycleTimeMax = 0.0002868175506591797; SubmitCycleTimeCount = 10.0; LogProcessCycleTimeAvg = 0.0002868175506591797; LogProcessCycleTimeCount = 1.0; LogProcessCycleTimeStd = 0.0002868175506591797; LogProcessCycleTimeSum = 0.0002868175506591797; SubmitCycleTimeSum = 3.747475147247314; SubmitCycleTimeAvg = 0.3747475147247314; SleepCycleTimeSum = 45.3298180103302; SubmitCycleTimeMin = 8.106231689453125E-06; SubmitCycleTimeMax = 1.001016855239868; SleepCycleTimeAvg = 5.036646445592244; SleepCycleTimeMax = 5.297976970672607; SleepCycleTimeCount = 9.0; SubmitCycleTimeStd = 0.4432320189272865; SleepCycleTimeMin = 5.00216007232666; ]
05/18/22 09:27:42 **** condor_scheduniv_exec.8527722.0 (condor_DAGMAN) pid 1330187 EXITING WITH STATUS 1
