2022-05-30 12:06:10,481:INFO:pegasus-monitord(58): pegasus-monitord starting - pid 2100482 
2022-05-30 12:06:10,488:INFO:pegasus-monitord(456): Final Command line options are: ['-N', 'gw.dax-0.dag.dagman.out']
2022-05-30 12:06:10,490:INFO:Pegasus.monitoring.event_output.MultiplexEventSink(509): Multiplexed Event Sink Connection Properties  {'amqp.url': 'amqp://friend:donatedata@msgs.pegasus.isi.edu:5672/prod/workflows', 'default.url': 'sqlite:////local/user/shashwat.singh/pycbc-tmp.OWnnSm5oay/work/gw.dax-0.stampede.db'}
2022-05-30 12:06:10,491:INFO:Pegasus.monitoring.event_output(630): Connecting workflow event sink to amqp://friend:donatedata@msgs.pegasus.isi.edu:5672/prod/workflows
2022-05-30 12:06:10,491:INFO:Pegasus.monitoring.event_output.AMQPEventSink(325): Encoder used <function json_encode at 0x7f21cffcd7b8> Properties received {'url': 'amqp://friend:donatedata@msgs.pegasus.isi.edu:5672/prod/workflows'}
2022-05-30 12:06:10,492:INFO:Pegasus.monitoring.event_output.AMQPEventSink(377): Connecting to host: msgs.pegasus.isi.edu:5672 virtual host: prod exchange: workflows with user: friend ssl: False
2022-05-30 12:06:10,492:INFO:Pegasus.monitoring.event_output(704): output type=AMQP namespace=stampede. name=msgs.pegasus.isi.edu:5672//prod/workflows
2022-05-30 12:06:10,492:INFO:Pegasus.monitoring.event_output(630): Connecting workflow event sink to sqlite:////local/user/shashwat.singh/pycbc-tmp.OWnnSm5oay/work/gw.dax-0.stampede.db
Pegasus database was successfully created.
2022-05-30 12:06:10,608:INFO:pika.adapters.utils.connection_workflow(179): Pika version 1.1.0 connecting to ('128.9.35.235', 5672)
2022-05-30 12:06:10,778:INFO:pika.adapters.utils.io_services_utils(345): Socket connected: <socket.socket fd=10, family=AddressFamily.AF_INET, type=SocketKind.SOCK_STREAM, proto=6, laddr=('130.75.116.20', 40760), raddr=('128.9.35.235', 5672)>
2022-05-30 12:06:10,778:INFO:pika.adapters.utils.connection_workflow(428): Streaming transport linked up: (<pika.adapters.utils.io_services_utils._AsyncPlaintextTransport object at 0x7f21cec79f60>, _StreamingProtocolShim: <SelectConnection PROTOCOL transport=<pika.adapters.utils.io_services_utils._AsyncPlaintextTransport object at 0x7f21cec79f60> params=<ConnectionParameters host=msgs.pegasus.isi.edu port=5672 virtual_host=prod ssl=False>>).
2022-05-30 12:06:11,292:INFO:pika.adapters.utils.connection_workflow(293): AMQPConnector - reporting success: <SelectConnection OPEN transport=<pika.adapters.utils.io_services_utils._AsyncPlaintextTransport object at 0x7f21cec79f60> params=<ConnectionParameters host=msgs.pegasus.isi.edu port=5672 virtual_host=prod ssl=False>>
2022-05-30 12:06:11,292:INFO:pika.adapters.utils.connection_workflow(725): AMQPConnectionWorkflow - reporting success: <SelectConnection OPEN transport=<pika.adapters.utils.io_services_utils._AsyncPlaintextTransport object at 0x7f21cec79f60> params=<ConnectionParameters host=msgs.pegasus.isi.edu port=5672 virtual_host=prod ssl=False>>
2022-05-30 12:06:11,292:INFO:pika.adapters.blocking_connection(453): Connection workflow succeeded: <SelectConnection OPEN transport=<pika.adapters.utils.io_services_utils._AsyncPlaintextTransport object at 0x7f21cec79f60> params=<ConnectionParameters host=msgs.pegasus.isi.edu port=5672 virtual_host=prod ssl=False>>
2022-05-30 12:06:11,292:INFO:pika.adapters.blocking_connection(1247): Created channel=1
Database version: '5.0.1' (sqlite:////local/user/shashwat.singh/pycbc-tmp.OWnnSm5oay/work/gw.dax-0.stampede.db)
2022-05-30 12:06:12,061:INFO:Pegasus.monitoring.event_output(704): output type=DB namespace=stampede. name=sqlite:////local/user/shashwat.singh/pycbc-tmp.OWnnSm5oay/work/gw.dax-0.stampede.db
2022-05-30 12:06:12,062:INFO:Pegasus.monitoring.event_output(630): Connecting workflow event sink to sqlite:////work/shashwat.singh/.pegasus/workflow.db
Database version: '5.0.1' (sqlite:////work/shashwat.singh/.pegasus/workflow.db)
2022-05-30 12:06:12,408:INFO:Pegasus.monitoring.event_output(704): output type=DB namespace=dashboard. name=sqlite:////work/shashwat.singh/.pegasus/workflow.db
2022-05-30 12:06:12,408:INFO:pegasus-monitord(1253): monitord started in fast start mode
2022-05-30 12:06:12,427:INFO:Pegasus.monitoring.workflow(461): cannot open state file /local/user/shashwat.singh/pycbc-tmp.OWnnSm5oay/work/monitord.info, continuing without state...
2022-05-30 12:06:12,428:INFO:Pegasus.monitoring.workflow(1148): creating new file /local/user/shashwat.singh/pycbc-tmp.OWnnSm5oay/work/jobstate.log
2022-05-30 12:06:12,428:INFO:Pegasus.monitoring.workflow(1158): Appending to existing jobstate.log replay_mode 0 previous_processed_line 0
2022-05-30 12:06:12,428:INFO:Pegasus.monitoring.notifications(474): loading notifications from /local/user/shashwat.singh/pycbc-tmp.OWnnSm5oay/work/gw.dax-0.notify
2022-05-30 12:07:08,844:INFO:Pegasus.monitoring.workflow(205): Parsing DAG file /local/user/shashwat.singh/pycbc-tmp.OWnnSm5oay/work/gw.dax-0.dag
2022-05-30 12:07:09,132:INFO:pegasus-monitord(980): Using DAGMan version 8.8.9 80809
2022-05-30 12:07:09,133:INFO:pegasus-monitord(955): DAGMan runs at pid 2100481
2022-05-30 12:07:09,135:INFO:pegasus-monitord(961): using dag gw.dax-0.dag
2022-05-30 12:07:09,135:INFO:Pegasus.monitoring.workflow(811): DAGMan starting with condor id 8614036.0
