2022-05-18 12:42:36,408:INFO:pegasus-monitord(58): pegasus-monitord starting - pid 1954042 
2022-05-18 12:42:36,415:INFO:pegasus-monitord(456): Final Command line options are: ['-N', 'gw.dax-0.dag.dagman.out']
2022-05-18 12:42:36,417:INFO:Pegasus.monitoring.event_output.MultiplexEventSink(509): Multiplexed Event Sink Connection Properties  {'amqp.url': 'amqp://friend:donatedata@msgs.pegasus.isi.edu:5672/prod/workflows', 'default.url': 'sqlite:////local/user/shashwat.singh/pycbc-tmp.cwxh3vQ1Uj/work/gw.dax-0.stampede.db'}
2022-05-18 12:42:36,417:INFO:Pegasus.monitoring.event_output(630): Connecting workflow event sink to amqp://friend:donatedata@msgs.pegasus.isi.edu:5672/prod/workflows
2022-05-18 12:42:36,417:INFO:Pegasus.monitoring.event_output.AMQPEventSink(325): Encoder used <function json_encode at 0x7f80cd4767b8> Properties received {'url': 'amqp://friend:donatedata@msgs.pegasus.isi.edu:5672/prod/workflows'}
2022-05-18 12:42:36,418:INFO:Pegasus.monitoring.event_output.AMQPEventSink(377): Connecting to host: msgs.pegasus.isi.edu:5672 virtual host: prod exchange: workflows with user: friend ssl: False
2022-05-18 12:42:36,418:INFO:Pegasus.monitoring.event_output(704): output type=AMQP namespace=stampede. name=msgs.pegasus.isi.edu:5672//prod/workflows
2022-05-18 12:42:36,419:INFO:Pegasus.monitoring.event_output(630): Connecting workflow event sink to sqlite:////local/user/shashwat.singh/pycbc-tmp.cwxh3vQ1Uj/work/gw.dax-0.stampede.db
Pegasus database was successfully created.
2022-05-18 12:42:36,535:INFO:pika.adapters.utils.connection_workflow(179): Pika version 1.1.0 connecting to ('128.9.35.235', 5672)
2022-05-18 12:42:36,705:INFO:pika.adapters.utils.io_services_utils(345): Socket connected: <socket.socket fd=10, family=AddressFamily.AF_INET, type=SocketKind.SOCK_STREAM, proto=6, laddr=('130.75.116.20', 65234), raddr=('128.9.35.235', 5672)>
2022-05-18 12:42:36,706:INFO:pika.adapters.utils.connection_workflow(428): Streaming transport linked up: (<pika.adapters.utils.io_services_utils._AsyncPlaintextTransport object at 0x7f80cc1330b8>, _StreamingProtocolShim: <SelectConnection PROTOCOL transport=<pika.adapters.utils.io_services_utils._AsyncPlaintextTransport object at 0x7f80cc1330b8> params=<ConnectionParameters host=msgs.pegasus.isi.edu port=5672 virtual_host=prod ssl=False>>).
2022-05-18 12:42:37,222:INFO:pika.adapters.utils.connection_workflow(293): AMQPConnector - reporting success: <SelectConnection OPEN transport=<pika.adapters.utils.io_services_utils._AsyncPlaintextTransport object at 0x7f80cc1330b8> params=<ConnectionParameters host=msgs.pegasus.isi.edu port=5672 virtual_host=prod ssl=False>>
2022-05-18 12:42:37,223:INFO:pika.adapters.utils.connection_workflow(725): AMQPConnectionWorkflow - reporting success: <SelectConnection OPEN transport=<pika.adapters.utils.io_services_utils._AsyncPlaintextTransport object at 0x7f80cc1330b8> params=<ConnectionParameters host=msgs.pegasus.isi.edu port=5672 virtual_host=prod ssl=False>>
2022-05-18 12:42:37,223:INFO:pika.adapters.blocking_connection(453): Connection workflow succeeded: <SelectConnection OPEN transport=<pika.adapters.utils.io_services_utils._AsyncPlaintextTransport object at 0x7f80cc1330b8> params=<ConnectionParameters host=msgs.pegasus.isi.edu port=5672 virtual_host=prod ssl=False>>
2022-05-18 12:42:37,223:INFO:pika.adapters.blocking_connection(1247): Created channel=1
Database version: '5.0.1' (sqlite:////local/user/shashwat.singh/pycbc-tmp.cwxh3vQ1Uj/work/gw.dax-0.stampede.db)
2022-05-18 12:42:37,827:INFO:Pegasus.monitoring.event_output(704): output type=DB namespace=stampede. name=sqlite:////local/user/shashwat.singh/pycbc-tmp.cwxh3vQ1Uj/work/gw.dax-0.stampede.db
2022-05-18 12:42:37,827:INFO:Pegasus.monitoring.event_output(630): Connecting workflow event sink to sqlite:////work/shashwat.singh/.pegasus/workflow.db
Database version: '5.0.1' (sqlite:////work/shashwat.singh/.pegasus/workflow.db)
2022-05-18 12:42:38,224:INFO:Pegasus.monitoring.event_output(704): output type=DB namespace=dashboard. name=sqlite:////work/shashwat.singh/.pegasus/workflow.db
2022-05-18 12:42:38,224:INFO:pegasus-monitord(1253): monitord started in fast start mode
2022-05-18 12:42:38,243:INFO:Pegasus.monitoring.workflow(461): cannot open state file /local/user/shashwat.singh/pycbc-tmp.cwxh3vQ1Uj/work/monitord.info, continuing without state...
2022-05-18 12:42:38,243:INFO:Pegasus.monitoring.workflow(1148): creating new file /local/user/shashwat.singh/pycbc-tmp.cwxh3vQ1Uj/work/jobstate.log
2022-05-18 12:42:38,243:INFO:Pegasus.monitoring.workflow(1158): Appending to existing jobstate.log replay_mode 0 previous_processed_line 0
2022-05-18 12:42:38,243:INFO:Pegasus.monitoring.notifications(474): loading notifications from /local/user/shashwat.singh/pycbc-tmp.cwxh3vQ1Uj/work/gw.dax-0.notify
2022-05-18 12:42:40,003:INFO:Pegasus.monitoring.workflow(205): Parsing DAG file /local/user/shashwat.singh/pycbc-tmp.cwxh3vQ1Uj/work/gw.dax-0.dag
2022-05-18 12:42:40,011:INFO:pegasus-monitord(980): Using DAGMan version 8.8.9 80809
2022-05-18 12:42:40,011:INFO:pegasus-monitord(955): DAGMan runs at pid 1954041
2022-05-18 12:42:40,013:INFO:pegasus-monitord(961): using dag gw.dax-0.dag
2022-05-18 12:42:40,013:INFO:Pegasus.monitoring.workflow(811): DAGMan starting with condor id 8528334.0
2022-05-19 03:21:47,139:WARNING:Pegasus.monitoring.workflow(1707): truncating stdout for job inference_ID0_ID0000063
2022-05-19 04:00:44,462:WARNING:Pegasus.monitoring.workflow(1707): truncating stdout for job inference_ID0_ID0000055
2022-05-19 04:06:10,682:WARNING:Pegasus.monitoring.workflow(1707): truncating stdout for job inference_ID0_ID0000049
2022-05-19 04:12:41,093:WARNING:Pegasus.monitoring.workflow(1707): truncating stdout for job inference_ID0_ID0000349
2022-05-19 04:22:21,616:WARNING:Pegasus.monitoring.workflow(1707): truncating stdout for job inference_ID0_ID0000171
2022-05-19 04:24:06,699:WARNING:Pegasus.monitoring.workflow(1707): truncating stdout for job inference_ID0_ID0000337
2022-05-19 04:37:53,511:WARNING:Pegasus.monitoring.workflow(1707): truncating stdout for job inference_ID0_ID0000067
2022-05-19 05:18:40,107:WARNING:Pegasus.monitoring.workflow(1707): truncating stdout for job inference_ID0_ID0000249
2022-05-19 05:22:15,248:WARNING:Pegasus.monitoring.workflow(1707): truncating stdout for job inference_ID0_ID0000223
2022-05-19 05:25:31,418:WARNING:Pegasus.monitoring.workflow(1707): truncating stdout for job inference_ID0_ID0000293
2022-05-19 05:31:40,751:WARNING:Pegasus.monitoring.workflow(1707): truncating stdout for job inference_ID0_ID0000203
2022-05-19 05:33:16,031:WARNING:Pegasus.monitoring.workflow(1707): truncating stdout for job inference_ID0_ID0000227
2022-05-19 05:37:57,342:WARNING:Pegasus.monitoring.workflow(1707): truncating stdout for job inference_ID0_ID0000271
2022-05-19 05:42:07,646:WARNING:Pegasus.monitoring.workflow(1707): truncating stdout for job inference_ID0_ID0000081
2022-05-19 05:45:37,832:WARNING:Pegasus.monitoring.workflow(1707): truncating stdout for job inference_ID0_ID0000129
2022-05-19 05:52:04,054:WARNING:Pegasus.monitoring.workflow(1707): truncating stdout for job inference_ID0_ID0000403
2022-05-19 05:52:58,735:WARNING:Pegasus.monitoring.workflow(1707): truncating stdout for job inference_ID0_ID0000357
2022-05-19 05:53:59,100:WARNING:Pegasus.monitoring.workflow(1707): truncating stdout for job inference_ID0_ID0000095
2022-05-19 05:56:49,232:WARNING:Pegasus.monitoring.workflow(1707): truncating stdout for job inference_ID0_ID0000221
2022-05-19 05:57:04,852:WARNING:Pegasus.monitoring.workflow(1707): truncating stdout for job inference_ID0_ID0000397
2022-05-19 05:57:39,765:WARNING:Pegasus.monitoring.workflow(1707): truncating stdout for job inference_ID0_ID0000283
2022-05-19 05:58:09,638:WARNING:Pegasus.monitoring.workflow(1707): truncating stdout for job inference_ID0_ID0000015
2022-05-19 06:02:55,134:WARNING:Pegasus.monitoring.workflow(1707): truncating stdout for job inference_ID0_ID0000307
2022-05-19 06:14:44,786:WARNING:Pegasus.monitoring.workflow(1707): truncating stdout for job inference_ID0_ID0000155
2022-05-19 06:15:30,559:WARNING:Pegasus.monitoring.workflow(1707): truncating stdout for job inference_ID0_ID0000077
2022-05-19 06:17:31,809:WARNING:Pegasus.monitoring.workflow(1707): truncating stdout for job inference_ID0_ID0000299
2022-05-19 06:22:22,954:WARNING:Pegasus.monitoring.workflow(1707): truncating stdout for job inference_ID0_ID0000105
2022-05-19 06:30:47,412:WARNING:Pegasus.monitoring.workflow(1707): truncating stdout for job inference_ID0_ID0000401
2022-05-19 06:33:17,563:WARNING:Pegasus.monitoring.workflow(1707): truncating stdout for job inference_ID0_ID0000083
2022-05-19 06:39:02,832:WARNING:Pegasus.monitoring.workflow(1707): truncating stdout for job inference_ID0_ID0000195
2022-05-19 06:40:08,585:WARNING:Pegasus.monitoring.workflow(1707): truncating stdout for job inference_ID0_ID0000331
2022-05-19 06:40:43,511:WARNING:Pegasus.monitoring.workflow(1707): truncating stdout for job inference_ID0_ID0000257
2022-05-19 06:47:43,208:WARNING:Pegasus.monitoring.workflow(1707): truncating stdout for job inference_ID0_ID0000075
2022-05-19 06:53:14,540:WARNING:Pegasus.monitoring.workflow(1707): truncating stdout for job inference_ID0_ID0000269
2022-05-19 06:56:24,805:WARNING:Pegasus.monitoring.workflow(1707): truncating stdout for job inference_ID0_ID0000167
2022-05-19 06:57:55,549:WARNING:Pegasus.monitoring.workflow(1707): truncating stdout for job inference_ID0_ID0000205
2022-05-19 07:03:41,087:WARNING:Pegasus.monitoring.workflow(1707): truncating stdout for job inference_ID0_ID0000125
2022-05-19 07:06:41,214:WARNING:Pegasus.monitoring.workflow(1707): truncating stdout for job inference_ID0_ID0000241
2022-05-19 07:07:20,832:WARNING:Pegasus.monitoring.workflow(1707): truncating stdout for job inference_ID0_ID0000089
2022-05-19 07:08:56,231:WARNING:Pegasus.monitoring.workflow(1707): truncating stdout for job inference_ID0_ID0000219
2022-05-19 07:09:22,019:WARNING:Pegasus.monitoring.workflow(1707): truncating stdout for job inference_ID0_ID0000137
2022-05-19 07:21:27,987:WARNING:Pegasus.monitoring.workflow(1707): truncating stdout for job inference_ID0_ID0000277
2022-05-19 07:22:47,925:WARNING:Pegasus.monitoring.workflow(1707): truncating stdout for job inference_ID0_ID0000335
2022-05-19 07:23:28,590:WARNING:Pegasus.monitoring.workflow(1707): truncating stdout for job inference_ID0_ID0000233
2022-05-19 07:24:42,942:WARNING:Pegasus.monitoring.workflow(1707): truncating stdout for job inference_ID0_ID0000353
2022-05-19 07:25:37,869:WARNING:Pegasus.monitoring.workflow(1707): truncating stdout for job inference_ID0_ID0000025
2022-05-19 07:27:27,925:WARNING:Pegasus.monitoring.workflow(1707): truncating stdout for job inference_ID0_ID0000391
2022-05-19 07:34:35,301:WARNING:Pegasus.monitoring.workflow(1707): truncating stdout for job inference_ID0_ID0000295
2022-05-19 07:37:40,436:WARNING:Pegasus.monitoring.workflow(1707): truncating stdout for job inference_ID0_ID0000099
2022-05-19 07:43:35,746:WARNING:Pegasus.monitoring.workflow(1707): truncating stdout for job inference_ID0_ID0000359
2022-05-19 07:44:30,411:WARNING:Pegasus.monitoring.workflow(1707): truncating stdout for job inference_ID0_ID0000313
2022-05-19 07:46:00,666:WARNING:Pegasus.monitoring.workflow(1707): truncating stdout for job inference_ID0_ID0000059
2022-05-19 07:47:00,581:WARNING:Pegasus.monitoring.workflow(1707): truncating stdout for job inference_ID0_ID0000343
2022-05-19 07:49:40,732:WARNING:Pegasus.monitoring.workflow(1707): truncating stdout for job inference_ID0_ID0000339
2022-05-19 07:50:40,801:WARNING:Pegasus.monitoring.workflow(1707): truncating stdout for job inference_ID0_ID0000011
2022-05-19 07:54:16,032:WARNING:Pegasus.monitoring.workflow(1707): truncating stdout for job inference_ID0_ID0000327
2022-05-19 07:57:51,207:WARNING:Pegasus.monitoring.workflow(1707): truncating stdout for job inference_ID0_ID0000239
2022-05-19 07:59:31,161:WARNING:Pegasus.monitoring.workflow(1707): truncating stdout for job inference_ID0_ID0000117
2022-05-19 08:05:18,359:WARNING:Pegasus.monitoring.workflow(1707): truncating stdout for job inference_ID0_ID0000267
2022-05-19 08:06:39,375:WARNING:Pegasus.monitoring.workflow(1707): truncating stdout for job inference_ID0_ID0000225
2022-05-19 08:08:39,726:WARNING:Pegasus.monitoring.workflow(1707): truncating stdout for job inference_ID0_ID0000007
2022-05-19 08:08:55,429:WARNING:Pegasus.monitoring.workflow(1707): truncating stdout for job inference_ID0_ID0000181
2022-05-19 08:09:00,039:WARNING:Pegasus.monitoring.workflow(1707): truncating stdout for job inference_ID0_ID0000259
2022-05-19 08:21:11,453:WARNING:Pegasus.monitoring.workflow(1707): truncating stdout for job inference_ID0_ID0000265
2022-05-19 08:28:36,849:WARNING:Pegasus.monitoring.workflow(1707): truncating stdout for job inference_ID0_ID0000169
2022-05-19 08:29:11,497:WARNING:Pegasus.monitoring.workflow(1707): truncating stdout for job inference_ID0_ID0000101
2022-05-19 08:30:01,714:WARNING:Pegasus.monitoring.workflow(1707): truncating stdout for job inference_ID0_ID0000289
2022-05-19 08:45:31,630:WARNING:Pegasus.monitoring.workflow(1707): truncating stdout for job inference_ID0_ID0000019
2022-05-19 08:50:36,926:WARNING:Pegasus.monitoring.workflow(1707): truncating stdout for job inference_ID0_ID0000123
2022-05-19 08:51:12,854:WARNING:Pegasus.monitoring.workflow(1707): truncating stdout for job inference_ID0_ID0000231
2022-05-19 08:51:22,480:WARNING:Pegasus.monitoring.workflow(1707): truncating stdout for job inference_ID0_ID0000009
2022-05-19 08:52:17,413:WARNING:Pegasus.monitoring.workflow(1707): truncating stdout for job inference_ID0_ID0000207
2022-05-19 08:53:47,987:WARNING:Pegasus.monitoring.workflow(1707): truncating stdout for job inference_ID0_ID0000363
2022-05-19 08:55:12,978:WARNING:Pegasus.monitoring.workflow(1707): truncating stdout for job inference_ID0_ID0000001
2022-05-19 09:02:02,318:WARNING:Pegasus.monitoring.workflow(1707): truncating stdout for job inference_ID0_ID0000119
2022-05-19 09:09:13,607:WARNING:Pegasus.monitoring.workflow(1707): truncating stdout for job inference_ID0_ID0000329
2022-05-19 09:14:28,853:WARNING:Pegasus.monitoring.workflow(1707): truncating stdout for job inference_ID0_ID0000173
2022-05-19 09:30:09,661:WARNING:Pegasus.monitoring.workflow(1707): truncating stdout for job inference_ID0_ID0000255
2022-05-19 09:33:59,805:WARNING:Pegasus.monitoring.workflow(1707): truncating stdout for job inference_ID0_ID0000163
2022-05-19 09:52:21,834:WARNING:Pegasus.monitoring.workflow(1707): truncating stdout for job inference_ID0_ID0000379
2022-05-19 09:56:42,107:WARNING:Pegasus.monitoring.workflow(1707): truncating stdout for job inference_ID0_ID0000021
2022-05-19 10:00:11,278:WARNING:Pegasus.monitoring.workflow(1707): truncating stdout for job inference_ID0_ID0000005
2022-05-19 10:03:06,397:WARNING:Pegasus.monitoring.workflow(1707): truncating stdout for job inference_ID0_ID0000351
2022-05-19 10:14:03,039:WARNING:Pegasus.monitoring.workflow(1707): truncating stdout for job inference_ID0_ID0000035
2022-05-19 10:27:09,808:WARNING:Pegasus.monitoring.workflow(1707): truncating stdout for job inference_ID0_ID0000177
2022-05-19 10:29:29,814:WARNING:Pegasus.monitoring.workflow(1707): truncating stdout for job inference_ID0_ID0000161
2022-05-19 10:42:41,637:WARNING:Pegasus.monitoring.workflow(1707): truncating stdout for job inference_ID0_ID0000273
2022-05-19 10:48:41,991:WARNING:Pegasus.monitoring.workflow(1707): truncating stdout for job inference_ID0_ID0000197
2022-05-19 11:04:11,794:WARNING:Pegasus.monitoring.workflow(1707): truncating stdout for job inference_ID0_ID0000263
2022-05-19 11:36:54,587:WARNING:Pegasus.monitoring.workflow(1707): truncating stdout for job inference_ID0_ID0000139
2022-05-19 11:57:06,683:WARNING:Pegasus.monitoring.workflow(1707): truncating stdout for job inference_ID0_ID0000287
2022-05-19 11:58:39,220:INFO:pegasus-monitord(933): DAGMan gw.dax-0.dag finished with exit code 1
2022-05-19 11:58:40,244:INFO:pegasus-monitord(1433): workflow /local/user/shashwat.singh/pycbc-tmp.cwxh3vQ1Uj/work/gw.dax-0.dag.dagman.out ended
2022-05-19 11:58:40,245:INFO:Pegasus.monitoring.workflow(1378): recovery file deleted: /local/user/shashwat.singh/pycbc-tmp.cwxh3vQ1Uj/work/monitord.recover
2022-05-19 11:58:40,246:INFO:pegasus-monitord(1671): finishing workflow: /local/user/shashwat.singh/pycbc-tmp.cwxh3vQ1Uj/work/gw.dax-0.dag.dagman.out
2022-05-19 11:58:40,246:INFO:pegasus-monitord(1725): finishing notifications...
2022-05-19 11:58:40,246:INFO:pegasus-monitord(1733): monitord process 1954042 exiting with 0
2022-05-19 11:58:40,247:INFO:pegasus-monitord(198): DB flushing beginning
2022-05-19 11:58:41,168:INFO:pika.adapters.blocking_connection(788): Closing connection (200): Normal shutdown
2022-05-19 11:58:41,168:INFO:pika.channel(534): Closing channel (200): 'Normal shutdown' on <Channel number=1 OPEN conn=<SelectConnection OPEN transport=<pika.adapters.utils.io_services_utils._AsyncPlaintextTransport object at 0x7f80cc1330b8> params=<ConnectionParameters host=msgs.pegasus.isi.edu port=5672 virtual_host=prod ssl=False>>>
2022-05-19 11:58:41,339:INFO:pika.channel(1119): Received <Channel.CloseOk> on <Channel number=1 CLOSING conn=<SelectConnection OPEN transport=<pika.adapters.utils.io_services_utils._AsyncPlaintextTransport object at 0x7f80cc1330b8> params=<ConnectionParameters host=msgs.pegasus.isi.edu port=5672 virtual_host=prod ssl=False>>>
2022-05-19 11:58:41,339:INFO:pika.connection(1295): Closing connection (200): 'Normal shutdown'
2022-05-19 11:58:41,509:INFO:pika.adapters.utils.io_services_utils(732): Aborting transport connection: state=1; <socket.socket fd=10, family=AddressFamily.AF_INET, type=SocketKind.SOCK_STREAM, proto=6, laddr=('130.75.116.20', 65234), raddr=('128.9.35.235', 5672)>
2022-05-19 11:58:41,509:INFO:pika.adapters.utils.io_services_utils(907): _AsyncTransportBase._initate_abort(): Initiating abrupt asynchronous transport shutdown: state=1; error=None; <socket.socket fd=10, family=AddressFamily.AF_INET, type=SocketKind.SOCK_STREAM, proto=6, laddr=('130.75.116.20', 65234), raddr=('128.9.35.235', 5672)>
2022-05-19 11:58:41,509:INFO:pika.adapters.utils.io_services_utils(870): Deactivating transport: state=1; <socket.socket fd=10, family=AddressFamily.AF_INET, type=SocketKind.SOCK_STREAM, proto=6, laddr=('130.75.116.20', 65234), raddr=('128.9.35.235', 5672)>
2022-05-19 11:58:41,510:INFO:pika.connection(1999): AMQP stack terminated, failed to connect, or aborted: opened=True, error-arg=None; pending-error=ConnectionClosedByClient: (200) 'Normal shutdown'
2022-05-19 11:58:41,510:INFO:pika.connection(2065): Stack terminated due to ConnectionClosedByClient: (200) 'Normal shutdown'
2022-05-19 11:58:41,510:INFO:pika.adapters.utils.io_services_utils(883): Closing transport socket and unlinking: state=3; <socket.socket fd=10, family=AddressFamily.AF_INET, type=SocketKind.SOCK_STREAM, proto=6, laddr=('130.75.116.20', 65234), raddr=('128.9.35.235', 5672)>
2022-05-19 11:58:41,510:INFO:pika.adapters.blocking_connection(525): User-initiated close: result=BlockingConnection__OnClosedArgs(connection=<SelectConnection CLOSED transport=None params=<ConnectionParameters host=msgs.pegasus.isi.edu port=5672 virtual_host=prod ssl=False>>, error=ConnectionClosedByClient: (200) 'Normal shutdown')
2022-05-19 11:58:41,511:INFO:Pegasus.db.workflow_loader.WorkflowLoader(1244): Executing final flush
2022-05-19 11:58:41,569:INFO:Pegasus.db.dashboard_loader.DashboardLoader(397): Executing final flush
2022-05-19 11:58:41,570:INFO:pegasus-monitord(214): DB flushing ended
